This file contains any messages produced by compilers while
running configure, to aid debugging if configure makes a mistake.

It was created by yang_mills configure 0.7.3, which was
generated by GNU Autoconf 2.69.  Invocation command line was

  $ ./configure N_c=3 Num_threads=1 CC=gcc CFLAGS=-O3

## --------- ##
## Platform. ##
## --------- ##

hostname = PC-Asus
uname -m = x86_64
uname -r = 4.4.0-19041-Microsoft
uname -s = Linux
uname -v = #1237-Microsoft Sat Sep 11 14:32:00 PST 2021

/usr/bin/uname -p = unknown
/bin/uname -X     = unknown

/bin/arch              = unknown
/usr/bin/arch -k       = unknown
/usr/convex/getsysinfo = unknown
/usr/bin/hostinfo      = unknown
/bin/machine           = unknown
/usr/bin/oslevel       = unknown
/bin/universe          = unknown

PATH: /home/bonacla/.local/bin
PATH: /usr/local/sbin
PATH: /usr/local/bin
PATH: /usr/sbin
PATH: /usr/bin
PATH: /sbin
PATH: /bin
PATH: /usr/games
PATH: /usr/local/games
PATH: /mnt/c/Program Files (x86)/Common Files/Oracle/Java/javapath
PATH: /mnt/c/Program Files (x86)/Intel/iCLS Client/
PATH: /mnt/c/Program Files/Intel/iCLS Client/
PATH: /mnt/c/Windows/system32
PATH: /mnt/c/Windows
PATH: /mnt/c/Windows/System32/Wbem
PATH: /mnt/c/Windows/System32/WindowsPowerShell/v1.0/
PATH: /mnt/c/Windows/System32/OpenSSH/
PATH: /mnt/c/Program Files (x86)/NVIDIA Corporation/PhysX/Common
PATH: /mnt/c/Program Files (x86)/Intel/Intel(R) Management Engine Components/DAL
PATH: /mnt/c/Program Files/Intel/Intel(R) Management Engine Components/DAL
PATH: /mnt/c/Program Files (x86)/Intel/Intel(R) Management Engine Components/IPT
PATH: /mnt/c/Program Files/Intel/Intel(R) Management Engine Components/IPT
PATH: /mnt/c/Program Files/Intel/WiFi/bin/
PATH: /mnt/c/Program Files/Common Files/Intel/WirelessCommon/
PATH: /mnt/c/WINDOWS/system32
PATH: /mnt/c/WINDOWS
PATH: /mnt/c/WINDOWS/System32/Wbem
PATH: /mnt/c/WINDOWS/System32/WindowsPowerShell/v1.0/
PATH: /mnt/c/WINDOWS/System32/OpenSSH/
PATH: /mnt/c/Program Files/gs/gs9.56.1/bin
PATH: /mnt/c/Users/Asus/AppData/Local/Microsoft/WindowsApps
PATH: /mnt/c/Users/Asus/AppData/Local/Programs/MiKTeX 2.9/miktex/bin/x64/
PATH: /snap/bin


## ----------- ##
## Core tests. ##
## ----------- ##

configure:2208: checking for a BSD-compatible install
configure:2276: result: /usr/bin/install -c
configure:2287: checking whether build environment is sane
configure:2342: result: yes
configure:2493: checking for a thread-safe mkdir -p
configure:2532: result: /bin/mkdir -p
configure:2539: checking for gawk
configure:2555: found /usr/bin/gawk
configure:2566: result: gawk
configure:2577: checking whether make sets $(MAKE)
configure:2599: result: yes
configure:2628: checking whether make supports nested variables
configure:2645: result: yes
configure:2794: checking for gawk
configure:2821: result: gawk
configure:2880: checking for gcc
configure:2907: result: gcc
configure:3136: checking for C compiler version
configure:3145: gcc --version >&5
gcc (Ubuntu 7.5.0-3ubuntu1~18.04) 7.5.0
Copyright (C) 2017 Free Software Foundation, Inc.
This is free software; see the source for copying conditions.  There is NO
warranty; not even for MERCHANTABILITY or FITNESS FOR A PARTICULAR PURPOSE.

configure:3156: $? = 0
configure:3145: gcc -v >&5
Using built-in specs.
COLLECT_GCC=gcc
COLLECT_LTO_WRAPPER=/usr/lib/gcc/x86_64-linux-gnu/7/lto-wrapper
OFFLOAD_TARGET_NAMES=nvptx-none
OFFLOAD_TARGET_DEFAULT=1
Target: x86_64-linux-gnu
Configured with: ../src/configure -v --with-pkgversion='Ubuntu 7.5.0-3ubuntu1~18.04' --with-bugurl=file:///usr/share/doc/gcc-7/README.Bugs --enable-languages=c,ada,c++,go,brig,d,fortran,objc,obj-c++ --prefix=/usr --with-gcc-major-version-only --program-suffix=-7 --program-prefix=x86_64-linux-gnu- --enable-shared --enable-linker-build-id --libexecdir=/usr/lib --without-included-gettext --enable-threads=posix --libdir=/usr/lib --enable-nls --enable-bootstrap --enable-clocale=gnu --enable-libstdcxx-debug --enable-libstdcxx-time=yes --with-default-libstdcxx-abi=new --enable-gnu-unique-object --disable-vtable-verify --enable-libmpx --enable-plugin --enable-default-pie --with-system-zlib --with-target-system-zlib --enable-objc-gc=auto --enable-multiarch --disable-werror --with-arch-32=i686 --with-abi=m64 --with-multilib-list=m32,m64,mx32 --enable-multilib --with-tune=generic --enable-offload-targets=nvptx-none --without-cuda-driver --enable-checking=release --build=x86_64-linux-gnu --host=x86_64-linux-gnu --target=x86_64-linux-gnu
Thread model: posix
gcc version 7.5.0 (Ubuntu 7.5.0-3ubuntu1~18.04) 
configure:3156: $? = 0
configure:3145: gcc -V >&5
gcc: error: unrecognized command line option '-V'
gcc: fatal error: no input files
compilation terminated.
configure:3156: $? = 1
configure:3145: gcc -qversion >&5
gcc: error: unrecognized command line option '-qversion'; did you mean '--version'?
gcc: fatal error: no input files
compilation terminated.
configure:3156: $? = 1
configure:3176: checking whether the C compiler works
configure:3198: gcc -O3   conftest.c  >&5
configure:3202: $? = 0
configure:3250: result: yes
configure:3253: checking for C compiler default output file name
configure:3255: result: a.out
configure:3261: checking for suffix of executables
configure:3268: gcc -o conftest -O3   conftest.c  >&5
configure:3272: $? = 0
configure:3294: result: 
configure:3316: checking whether we are cross compiling
configure:3324: gcc -o conftest -O3   conftest.c  >&5
configure:3328: $? = 0
configure:3335: ./conftest
configure:3339: $? = 0
configure:3354: result: no
configure:3359: checking for suffix of object files
configure:3381: gcc -c -O3  conftest.c >&5
configure:3385: $? = 0
configure:3406: result: o
configure:3410: checking whether we are using the GNU C compiler
configure:3429: gcc -c -O3  conftest.c >&5
configure:3429: $? = 0
configure:3438: result: yes
configure:3447: checking whether gcc accepts -g
configure:3467: gcc -c -g  conftest.c >&5
configure:3467: $? = 0
configure:3508: result: yes
configure:3525: checking for gcc option to accept ISO C89
configure:3588: gcc  -c -O3  conftest.c >&5
configure:3588: $? = 0
configure:3601: result: none needed
configure:3626: checking whether gcc understands -c and -o together
configure:3648: gcc -c conftest.c -o conftest2.o
configure:3651: $? = 0
configure:3648: gcc -c conftest.c -o conftest2.o
configure:3651: $? = 0
configure:3663: result: yes
configure:3691: checking for style of include used by make
configure:3719: result: GNU
configure:3745: checking dependency style of gcc
configure:3856: result: gcc3
configure:3880: checking how to run the C preprocessor
configure:3911: gcc -E  conftest.c
configure:3911: $? = 0
configure:3925: gcc -E  conftest.c
conftest.c:11:10: fatal error: ac_nonexistent.h: No such file or directory
 #include <ac_nonexistent.h>
          ^~~~~~~~~~~~~~~~~~
compilation terminated.
configure:3925: $? = 1
configure: failed program was:
| /* confdefs.h */
| #define PACKAGE_NAME "yang_mills"
| #define PACKAGE_TARNAME "yang_mills"
| #define PACKAGE_VERSION "0.7.3"
| #define PACKAGE_STRING "yang_mills 0.7.3"
| #define PACKAGE_BUGREPORT "claudio.bonati82@gmail.com"
| #define PACKAGE_URL ""
| #define PACKAGE "yang_mills"
| #define VERSION "0.7.3"
| /* end confdefs.h.  */
| #include <ac_nonexistent.h>
configure:3950: result: gcc -E
configure:3970: gcc -E  conftest.c
configure:3970: $? = 0
configure:3984: gcc -E  conftest.c
conftest.c:11:10: fatal error: ac_nonexistent.h: No such file or directory
 #include <ac_nonexistent.h>
          ^~~~~~~~~~~~~~~~~~
compilation terminated.
configure:3984: $? = 1
configure: failed program was:
| /* confdefs.h */
| #define PACKAGE_NAME "yang_mills"
| #define PACKAGE_TARNAME "yang_mills"
| #define PACKAGE_VERSION "0.7.3"
| #define PACKAGE_STRING "yang_mills 0.7.3"
| #define PACKAGE_BUGREPORT "claudio.bonati82@gmail.com"
| #define PACKAGE_URL ""
| #define PACKAGE "yang_mills"
| #define VERSION "0.7.3"
| /* end confdefs.h.  */
| #include <ac_nonexistent.h>
configure:4013: checking for grep that handles long lines and -e
configure:4071: result: /bin/grep
configure:4076: checking for egrep
configure:4138: result: /bin/grep -E
configure:4143: checking for ANSI C header files
configure:4163: gcc -c -O3  conftest.c >&5
configure:4163: $? = 0
configure:4236: gcc -o conftest -O3   conftest.c  >&5
configure:4236: $? = 0
configure:4236: ./conftest
configure:4236: $? = 0
configure:4247: result: yes
configure:4260: checking for sys/types.h
configure:4260: gcc -c -O3  conftest.c >&5
configure:4260: $? = 0
configure:4260: result: yes
configure:4260: checking for sys/stat.h
configure:4260: gcc -c -O3  conftest.c >&5
configure:4260: $? = 0
configure:4260: result: yes
configure:4260: checking for stdlib.h
configure:4260: gcc -c -O3  conftest.c >&5
configure:4260: $? = 0
configure:4260: result: yes
configure:4260: checking for string.h
configure:4260: gcc -c -O3  conftest.c >&5
configure:4260: $? = 0
configure:4260: result: yes
configure:4260: checking for memory.h
configure:4260: gcc -c -O3  conftest.c >&5
configure:4260: $? = 0
configure:4260: result: yes
configure:4260: checking for strings.h
configure:4260: gcc -c -O3  conftest.c >&5
configure:4260: $? = 0
configure:4260: result: yes
configure:4260: checking for inttypes.h
configure:4260: gcc -c -O3  conftest.c >&5
configure:4260: $? = 0
configure:4260: result: yes
configure:4260: checking for stdint.h
configure:4260: gcc -c -O3  conftest.c >&5
configure:4260: $? = 0
configure:4260: result: yes
configure:4260: checking for unistd.h
configure:4260: gcc -c -O3  conftest.c >&5
configure:4260: $? = 0
configure:4260: result: yes
configure:4274: checking complex.h usability
configure:4274: gcc -c -O3  conftest.c >&5
configure:4274: $? = 0
configure:4274: result: yes
configure:4274: checking complex.h presence
configure:4274: gcc -E  conftest.c
configure:4274: $? = 0
configure:4274: result: yes
configure:4274: checking for complex.h
configure:4274: result: yes
configure:4289: checking limits.h usability
configure:4289: gcc -c -O3  conftest.c >&5
configure:4289: $? = 0
configure:4289: result: yes
configure:4289: checking limits.h presence
configure:4289: gcc -E  conftest.c
configure:4289: $? = 0
configure:4289: result: yes
configure:4289: checking for limits.h
configure:4289: result: yes
configure:4304: checking math.h usability
configure:4304: gcc -c -O3  conftest.c >&5
configure:4304: $? = 0
configure:4304: result: yes
configure:4304: checking math.h presence
configure:4304: gcc -E  conftest.c
configure:4304: $? = 0
configure:4304: result: yes
configure:4304: checking for math.h
configure:4304: result: yes
configure:4319: checking openssl/md5.h usability
configure:4319: gcc -c -O3  conftest.c >&5
configure:4319: $? = 0
configure:4319: result: yes
configure:4319: checking openssl/md5.h presence
configure:4319: gcc -E  conftest.c
configure:4319: $? = 0
configure:4319: result: yes
configure:4319: checking for openssl/md5.h
configure:4319: result: yes
configure:4343: checking stdio.h usability
configure:4343: gcc -c -O3  conftest.c >&5
configure:4343: $? = 0
configure:4343: result: yes
configure:4343: checking stdio.h presence
configure:4343: gcc -E  conftest.c
configure:4343: $? = 0
configure:4343: result: yes
configure:4343: checking for stdio.h
configure:4343: result: yes
configure:4358: checking for stdlib.h
configure:4358: result: yes
configure:4373: checking time.h usability
configure:4373: gcc -c -O3  conftest.c >&5
configure:4373: $? = 0
configure:4373: result: yes
configure:4373: checking time.h presence
configure:4373: gcc -E  conftest.c
configure:4373: $? = 0
configure:4373: result: yes
configure:4373: checking for time.h
configure:4373: result: yes
configure:4388: checking for library containing MD5_Init
configure:4419: gcc -o conftest -O3   conftest.c  >&5
/tmp/cc8vGIIN.o: In function `main':
conftest.c:(.text.startup+0x7): undefined reference to `MD5_Init'
collect2: error: ld returned 1 exit status
configure:4419: $? = 1
configure: failed program was:
| /* confdefs.h */
| #define PACKAGE_NAME "yang_mills"
| #define PACKAGE_TARNAME "yang_mills"
| #define PACKAGE_VERSION "0.7.3"
| #define PACKAGE_STRING "yang_mills 0.7.3"
| #define PACKAGE_BUGREPORT "claudio.bonati82@gmail.com"
| #define PACKAGE_URL ""
| #define PACKAGE "yang_mills"
| #define VERSION "0.7.3"
| #define STDC_HEADERS 1
| #define HAVE_SYS_TYPES_H 1
| #define HAVE_SYS_STAT_H 1
| #define HAVE_STDLIB_H 1
| #define HAVE_STRING_H 1
| #define HAVE_MEMORY_H 1
| #define HAVE_STRINGS_H 1
| #define HAVE_INTTYPES_H 1
| #define HAVE_STDINT_H 1
| #define HAVE_UNISTD_H 1
| #define HAVE_COMPLEX_H 1
| #define HAVE_LIMITS_H 1
| #define HAVE_MATH_H 1
| #define HAVE_OPENSSL_MD5_H 1
| #define HAVE_STDIO_H 1
| #define HAVE_STDLIB_H 1
| #define HAVE_TIME_H 1
| /* end confdefs.h.  */
| 
| /* Override any GCC internal prototype to avoid an error.
|    Use char because int might match the return type of a GCC
|    builtin and then its argument prototype would still apply.  */
| #ifdef __cplusplus
| extern "C"
| #endif
| char MD5_Init ();
| int
| main ()
| {
| return MD5_Init ();
|   ;
|   return 0;
| }
configure:4419: gcc -o conftest -O3   conftest.c -lcrypto   >&5
configure:4419: $? = 0
configure:4436: result: -lcrypto
configure:4456: checking for library containing sqrt
configure:4487: gcc -o conftest -O3   conftest.c -lcrypto  >&5
conftest.c:35:6: warning: conflicting types for built-in function 'sqrt' [-Wbuiltin-declaration-mismatch]
 char sqrt ();
      ^~~~
/tmp/ccQIr79f.o: In function `main':
conftest.c:(.text.startup+0x7): undefined reference to `sqrt'
collect2: error: ld returned 1 exit status
configure:4487: $? = 1
configure: failed program was:
| /* confdefs.h */
| #define PACKAGE_NAME "yang_mills"
| #define PACKAGE_TARNAME "yang_mills"
| #define PACKAGE_VERSION "0.7.3"
| #define PACKAGE_STRING "yang_mills 0.7.3"
| #define PACKAGE_BUGREPORT "claudio.bonati82@gmail.com"
| #define PACKAGE_URL ""
| #define PACKAGE "yang_mills"
| #define VERSION "0.7.3"
| #define STDC_HEADERS 1
| #define HAVE_SYS_TYPES_H 1
| #define HAVE_SYS_STAT_H 1
| #define HAVE_STDLIB_H 1
| #define HAVE_STRING_H 1
| #define HAVE_MEMORY_H 1
| #define HAVE_STRINGS_H 1
| #define HAVE_INTTYPES_H 1
| #define HAVE_STDINT_H 1
| #define HAVE_UNISTD_H 1
| #define HAVE_COMPLEX_H 1
| #define HAVE_LIMITS_H 1
| #define HAVE_MATH_H 1
| #define HAVE_OPENSSL_MD5_H 1
| #define HAVE_STDIO_H 1
| #define HAVE_STDLIB_H 1
| #define HAVE_TIME_H 1
| /* end confdefs.h.  */
| 
| /* Override any GCC internal prototype to avoid an error.
|    Use char because int might match the return type of a GCC
|    builtin and then its argument prototype would still apply.  */
| #ifdef __cplusplus
| extern "C"
| #endif
| char sqrt ();
| int
| main ()
| {
| return sqrt ();
|   ;
|   return 0;
| }
configure:4487: gcc -o conftest -O3   conftest.c -lm  -lcrypto  >&5
conftest.c:35:6: warning: conflicting types for built-in function 'sqrt' [-Wbuiltin-declaration-mismatch]
 char sqrt ();
      ^~~~
configure:4487: $? = 0
configure:4504: result: -lm
configure:4520: checking for inline
configure:4536: gcc -c -O3  conftest.c >&5
configure:4536: $? = 0
configure:4544: result: inline
configure:4562: checking for uint32_t
configure:4562: gcc -c -O3  conftest.c >&5
configure:4562: $? = 0
configure:4562: result: yes
configure:4576: checking for uint64_t
configure:4576: gcc -c -O3  conftest.c >&5
configure:4576: $? = 0
configure:4576: result: yes
configure:4762: WARNING:
   *****
   No chosen value for Num_levels: using the default Num_levels=1
   *****
   
configure:4818: WARNING:
   *****
   No chosen value for ST_dim: using the default ST_dim=4
   *****
   
configure:4960: checking that generated files are newer than configure
configure:4966: result: done
configure:4993: creating ./config.status

## ---------------------- ##
## Running config.status. ##
## ---------------------- ##

This file was extended by yang_mills config.status 0.7.3, which was
generated by GNU Autoconf 2.69.  Invocation command line was

  CONFIG_FILES    = 
  CONFIG_HEADERS  = 
  CONFIG_LINKS    = 
  CONFIG_COMMANDS = 
  $ ./config.status 

on PC-Asus

config.status:872: creating Makefile
config.status:872: creating config.h
config.status:1053: config.h is unchanged
config.status:1101: executing depfiles commands

## ---------------- ##
## Cache variables. ##
## ---------------- ##

ac_cv_c_compiler_gnu=yes
ac_cv_c_inline=inline
ac_cv_c_uint32_t=yes
ac_cv_c_uint64_t=yes
ac_cv_env_CC_set=set
ac_cv_env_CC_value=gcc
ac_cv_env_CFLAGS_set=set
ac_cv_env_CFLAGS_value=-O3
ac_cv_env_CPPFLAGS_set=
ac_cv_env_CPPFLAGS_value=
ac_cv_env_CPP_set=
ac_cv_env_CPP_value=
ac_cv_env_LDFLAGS_set=
ac_cv_env_LDFLAGS_value=
ac_cv_env_LIBS_set=
ac_cv_env_LIBS_value=
ac_cv_env_N_c_set=set
ac_cv_env_N_c_value=3
ac_cv_env_Num_levels_set=
ac_cv_env_Num_levels_value=
ac_cv_env_Num_threads_set=set
ac_cv_env_Num_threads_value=1
ac_cv_env_ST_dim_set=
ac_cv_env_ST_dim_value=
ac_cv_env_build_alias_set=
ac_cv_env_build_alias_value=
ac_cv_env_host_alias_set=
ac_cv_env_host_alias_value=
ac_cv_env_target_alias_set=
ac_cv_env_target_alias_value=
ac_cv_header_complex_h=yes
ac_cv_header_inttypes_h=yes
ac_cv_header_limits_h=yes
ac_cv_header_math_h=yes
ac_cv_header_memory_h=yes
ac_cv_header_openssl_md5_h=yes
ac_cv_header_stdc=yes
ac_cv_header_stdint_h=yes
ac_cv_header_stdio_h=yes
ac_cv_header_stdlib_h=yes
ac_cv_header_string_h=yes
ac_cv_header_strings_h=yes
ac_cv_header_sys_stat_h=yes
ac_cv_header_sys_types_h=yes
ac_cv_header_time_h=yes
ac_cv_header_unistd_h=yes
ac_cv_objext=o
ac_cv_path_EGREP='/bin/grep -E'
ac_cv_path_GREP=/bin/grep
ac_cv_path_install='/usr/bin/install -c'
ac_cv_path_mkdir=/bin/mkdir
ac_cv_prog_AWK=gawk
ac_cv_prog_CPP='gcc -E'
ac_cv_prog_ac_ct_CC=gcc
ac_cv_prog_cc_c89=
ac_cv_prog_cc_g=yes
ac_cv_prog_make_make_set=yes
ac_cv_search_MD5_Init=-lcrypto
ac_cv_search_sqrt=-lm
am_cv_CC_dependencies_compiler_type=gcc3
am_cv_make_support_nested_variables=yes
am_cv_prog_cc_c_o=yes

## ----------------- ##
## Output variables. ##
## ----------------- ##

ACLOCAL='${SHELL} /mnt/c/Users/Asus/Desktop/yang-mills-hpt-multithread/missing aclocal-1.15'
AMDEPBACKSLASH='\'
AMDEP_FALSE='#'
AMDEP_TRUE=''
AMTAR='$${TAR-tar}'
AM_BACKSLASH='\'
AM_DEFAULT_V='$(AM_DEFAULT_VERBOSITY)'
AM_DEFAULT_VERBOSITY='1'
AM_V='$(V)'
AUTOCONF='${SHELL} /mnt/c/Users/Asus/Desktop/yang-mills-hpt-multithread/missing autoconf'
AUTOHEADER='${SHELL} /mnt/c/Users/Asus/Desktop/yang-mills-hpt-multithread/missing autoheader'
AUTOMAKE='${SHELL} /mnt/c/Users/Asus/Desktop/yang-mills-hpt-multithread/missing automake-1.15'
AWK='gawk'
CC='gcc'
CCDEPMODE='depmode=gcc3'
CFLAGS='-O3'
CPP='gcc -E'
CPPFLAGS=''
CRYPTO_COMPILATION_FALSE='#'
CRYPTO_COMPILATION_TRUE=''
CYGPATH_W='echo'
DEFS='-DHAVE_CONFIG_H'
DEPDIR='.deps'
ECHO_C=''
ECHO_N='-n'
ECHO_T=''
EGREP='/bin/grep -E'
EXEEXT=''
GREP='/bin/grep'
INSTALL_DATA='${INSTALL} -m 644'
INSTALL_PROGRAM='${INSTALL}'
INSTALL_SCRIPT='${INSTALL}'
INSTALL_STRIP_PROGRAM='$(install_sh) -c -s'
LDFLAGS=''
LIBOBJS=''
LIBS='-lm -lcrypto '
LTLIBOBJS=''
MAKEINFO='${SHELL} /mnt/c/Users/Asus/Desktop/yang-mills-hpt-multithread/missing makeinfo'
MKDIR_P='/bin/mkdir -p'
N_c='3'
Num_levels=''
Num_threads='1'
OBJEXT='o'
OPENMP_CFLAGS=''
PACKAGE='yang_mills'
PACKAGE_BUGREPORT='claudio.bonati82@gmail.com'
PACKAGE_NAME='yang_mills'
PACKAGE_STRING='yang_mills 0.7.3'
PACKAGE_TARNAME='yang_mills'
PACKAGE_URL=''
PACKAGE_VERSION='0.7.3'
PATH_SEPARATOR=':'
SET_MAKE=''
SHELL='/bin/bash'
STRIP=''
ST_dim=''
VERSION='0.7.3'
ac_ct_CC='gcc'
am__EXEEXT_FALSE=''
am__EXEEXT_TRUE='#'
am__fastdepCC_FALSE='#'
am__fastdepCC_TRUE=''
am__include='include'
am__isrc=''
am__leading_dot='.'
am__nodep='_no'
am__quote=''
am__tar='$${TAR-tar} chof - "$$tardir"'
am__untar='$${TAR-tar} xf -'
bindir='${exec_prefix}/bin'
build_alias=''
datadir='${datarootdir}'
datarootdir='${prefix}/share'
docdir='${datarootdir}/doc/${PACKAGE_TARNAME}'
dvidir='${docdir}'
exec_prefix='${prefix}'
host_alias=''
htmldir='${docdir}'
includedir='${prefix}/include'
infodir='${datarootdir}/info'
install_sh='${SHELL} /mnt/c/Users/Asus/Desktop/yang-mills-hpt-multithread/install-sh'
libdir='${exec_prefix}/lib'
libexecdir='${exec_prefix}/libexec'
localedir='${datarootdir}/locale'
localstatedir='${prefix}/var'
mandir='${datarootdir}/man'
mkdir_p='$(MKDIR_P)'
oldincludedir='/usr/include'
pdfdir='${docdir}'
prefix='/usr/local'
program_transform_name='s,x,x,'
psdir='${docdir}'
runstatedir='${localstatedir}/run'
sbindir='${exec_prefix}/sbin'
sharedstatedir='${prefix}/com'
sysconfdir='${prefix}/etc'
target_alias=''

## ----------- ##
## confdefs.h. ##
## ----------- ##

/* confdefs.h */
#define PACKAGE_NAME "yang_mills"
#define PACKAGE_TARNAME "yang_mills"
#define PACKAGE_VERSION "0.7.3"
#define PACKAGE_STRING "yang_mills 0.7.3"
#define PACKAGE_BUGREPORT "claudio.bonati82@gmail.com"
#define PACKAGE_URL ""
#define PACKAGE "yang_mills"
#define VERSION "0.7.3"
#define STDC_HEADERS 1
#define HAVE_SYS_TYPES_H 1
#define HAVE_SYS_STAT_H 1
#define HAVE_STDLIB_H 1
#define HAVE_STRING_H 1
#define HAVE_MEMORY_H 1
#define HAVE_STRINGS_H 1
#define HAVE_INTTYPES_H 1
#define HAVE_STDINT_H 1
#define HAVE_UNISTD_H 1
#define HAVE_COMPLEX_H 1
#define HAVE_LIMITS_H 1
#define HAVE_MATH_H 1
#define HAVE_OPENSSL_MD5_H 1
#define HAVE_STDIO_H 1
#define HAVE_STDLIB_H 1
#define HAVE_TIME_H 1
#define HASH_MODE /**/
#define NCOLOR 3
#define NLEVELS 1
#define NTHREADS 1
#define STDIM 4

configure: exit 0
